<?xml version="1.0" encoding="UTF-8"?>
<!-- Generated by org.testng.reporters.JUnitReportReporter -->
<testsuite skipped="0" hostname="CDC2-D-48S1N62" name="selenium.maven01.SignUp" tests="1" failures="0" timestamp="2019-11-18T15:00:03 IST" time="9.072" errors="0">
  <testcase name="f" time="9.072" classname="selenium.maven01.SignUp"/>
</testsuite> <!-- selenium.maven01.SignUp -->
